Build started 26/10/2010 14:35:47.
     1>Project "D:\cplusplus\manipulations\geometry\geometry\geometry.vcxproj" on node 2 (build target(s)).
     1>InitializeBuildStatus:
         Creating "Debug\geometry.unsuccessfulbuild" because "AlwaysCreate" was specified.
       ClCompile:
         C:\Program Files (x86)\Microsoft Visual Studio 10.0\VC\bin\CL.exe /c /ZI /nologo /W3 /WX- /Od /Oy- /D _MBCS /Gm /EHsc /RTC1 /MDd /GS /fp:precise /Zc:wchar_t /Zc:forScope /Fo"Debug\\" /Fd"Debug\vc100.pdb" /Gd /TP /analyze- /errorReport:prompt Matrix.cpp VertexTransformations.cpp
         VertexTransformations.cpp
         Matrix.cpp
         Generating Code...
       Link:
         C:\Program Files (x86)\Microsoft Visual Studio 10.0\VC\bin\link.exe /ERRORREPORT:PROMPT /OUT:"D:\cplusplus\manipulations\geometry\Debug\geometry.exe" /NOLOGO kernel32.lib user32.lib gdi32.lib winspool.lib comdlg32.lib advapi32.lib shell32.lib ole32.lib oleaut32.lib uuid.lib odbc32.lib odbccp32.lib /MANIFEST /ManifestFile:"Debug\geometry.exe.intermediate.manifest" /MANIFESTUAC:"level='asInvoker' uiAccess='false'" /DEBUG /PDB:"D:\cplusplus\manipulations\geometry\Debug\geometry.pdb" /TLBID:1 /DYNAMICBASE /NXCOMPAT /IMPLIB:"D:\cplusplus\manipulations\geometry\Debug\geometry.lib" /MACHINE:X86 Debug\GeometryManipulation.obj
         Debug\Matrix.obj
         Debug\VertexTransformations.obj
         Debug\Vertex.obj
         Debug\VertexArithmetic.obj
         LINK : D:\cplusplus\manipulations\geometry\Debug\geometry.exe not found or not built by the last incremental link; performing full link
         geometry.vcxproj -> D:\cplusplus\manipulations\geometry\Debug\geometry.exe
       Manifest:
         C:\Program Files (x86)\Microsoft SDKs\Windows\v7.0A\bin\mt.exe /nologo /verbose /outputresource:"D:\cplusplus\manipulations\geometry\Debug\geometry.exe;#1" /manifest Debug\geometry.exe.intermediate.manifest
       FinalizeBuildStatus:
         Deleting file "Debug\geometry.unsuccessfulbuild".
         Touching "Debug\geometry.lastbuildstate".
     1>Done Building Project "D:\cplusplus\manipulations\geometry\geometry\geometry.vcxproj" (build target(s)).

Build succeeded.

Time Elapsed 00:00:02.25
